{"name":"hexo","hostname":"BARRYJIANG-MC0","pid":14086,"level":20,"msg":"Hexo version: \u001b[35m3.4.2\u001b[39m","time":"2018-04-23T13:30:38.530Z","v":0}
{"name":"hexo","hostname":"BARRYJIANG-MC0","pid":14086,"level":20,"msg":"Working directory: \u001b[35m~/workcode/blog/MyBlogPro/\u001b[39m","time":"2018-04-23T13:30:38.532Z","v":0}
{"name":"hexo","hostname":"BARRYJIANG-MC0","pid":14086,"level":20,"msg":"Config loaded: \u001b[35m~/workcode/blog/MyBlogPro/_config.yml\u001b[39m","time":"2018-04-23T13:30:38.582Z","v":0}
{"name":"hexo","hostname":"BARRYJIANG-MC0","pid":14086,"level":20,"msg":"Plugin loaded: \u001b[35mhexo-deployer-git\u001b[39m","time":"2018-04-23T13:30:38.621Z","v":0}
{"name":"hexo","hostname":"BARRYJIANG-MC0","pid":14086,"level":20,"msg":"Plugin loaded: \u001b[35mhexo-generator-archive\u001b[39m","time":"2018-04-23T13:30:38.624Z","v":0}
{"name":"hexo","hostname":"BARRYJIANG-MC0","pid":14086,"level":20,"msg":"Plugin loaded: \u001b[35mhexo-generator-category\u001b[39m","time":"2018-04-23T13:30:38.625Z","v":0}
{"name":"hexo","hostname":"BARRYJIANG-MC0","pid":14086,"level":20,"msg":"Plugin loaded: \u001b[35mhexo-generator-index\u001b[39m","time":"2018-04-23T13:30:38.626Z","v":0}
{"name":"hexo","hostname":"BARRYJIANG-MC0","pid":14086,"level":20,"msg":"Plugin loaded: \u001b[35mhexo-generator-tag\u001b[39m","time":"2018-04-23T13:30:38.626Z","v":0}
{"name":"hexo","hostname":"BARRYJIANG-MC0","pid":14086,"level":20,"msg":"Plugin loaded: \u001b[35mhexo-renderer-ejs\u001b[39m","time":"2018-04-23T13:30:38.628Z","v":0}
{"name":"hexo","hostname":"BARRYJIANG-MC0","pid":14086,"level":20,"msg":"Plugin loaded: \u001b[35mhexo-renderer-marked\u001b[39m","time":"2018-04-23T13:30:38.632Z","v":0}
{"name":"hexo","hostname":"BARRYJIANG-MC0","pid":14086,"level":20,"msg":"Plugin loaded: \u001b[35mhexo-renderer-stylus\u001b[39m","time":"2018-04-23T13:30:38.632Z","v":0}
{"name":"hexo","hostname":"BARRYJIANG-MC0","pid":14086,"level":20,"msg":"Plugin loaded: \u001b[35mhexo-server\u001b[39m","time":"2018-04-23T13:30:38.669Z","v":0}
{"name":"hexo","hostname":"BARRYJIANG-MC0","pid":14086,"level":20,"msg":"Script loaded: \u001b[35mthemes/landscape/scripts/fancybox.js\u001b[39m","time":"2018-04-23T13:30:38.672Z","v":0}
{"name":"hexo","hostname":"BARRYJIANG-MC0","pid":14086,"level":20,"msg":"Database saved","time":"2018-04-23T13:30:38.675Z","v":0}
{"name":"hexo","hostname":"BARRYJIANG-MC0","pid":14148,"level":20,"msg":"Hexo version: \u001b[35m3.4.2\u001b[39m","time":"2018-04-23T13:30:57.640Z","v":0}
{"name":"hexo","hostname":"BARRYJIANG-MC0","pid":14148,"level":20,"msg":"Working directory: \u001b[35m~/workcode/blog/MyBlogPro/\u001b[39m","time":"2018-04-23T13:30:57.641Z","v":0}
{"name":"hexo","hostname":"BARRYJIANG-MC0","pid":14148,"level":20,"msg":"Config loaded: \u001b[35m~/workcode/blog/MyBlogPro/_config.yml\u001b[39m","time":"2018-04-23T13:30:57.693Z","v":0}
{"name":"hexo","hostname":"BARRYJIANG-MC0","pid":14148,"level":20,"msg":"Plugin loaded: \u001b[35mhexo-deployer-git\u001b[39m","time":"2018-04-23T13:30:57.731Z","v":0}
{"name":"hexo","hostname":"BARRYJIANG-MC0","pid":14148,"level":20,"msg":"Plugin loaded: \u001b[35mhexo-generator-archive\u001b[39m","time":"2018-04-23T13:30:57.733Z","v":0}
{"name":"hexo","hostname":"BARRYJIANG-MC0","pid":14148,"level":20,"msg":"Plugin loaded: \u001b[35mhexo-generator-category\u001b[39m","time":"2018-04-23T13:30:57.734Z","v":0}
{"name":"hexo","hostname":"BARRYJIANG-MC0","pid":14148,"level":20,"msg":"Plugin loaded: \u001b[35mhexo-generator-index\u001b[39m","time":"2018-04-23T13:30:57.735Z","v":0}
{"name":"hexo","hostname":"BARRYJIANG-MC0","pid":14148,"level":20,"msg":"Plugin loaded: \u001b[35mhexo-generator-tag\u001b[39m","time":"2018-04-23T13:30:57.736Z","v":0}
{"name":"hexo","hostname":"BARRYJIANG-MC0","pid":14148,"level":20,"msg":"Plugin loaded: \u001b[35mhexo-renderer-ejs\u001b[39m","time":"2018-04-23T13:30:57.737Z","v":0}
{"name":"hexo","hostname":"BARRYJIANG-MC0","pid":14148,"level":20,"msg":"Plugin loaded: \u001b[35mhexo-renderer-marked\u001b[39m","time":"2018-04-23T13:30:57.741Z","v":0}
{"name":"hexo","hostname":"BARRYJIANG-MC0","pid":14148,"level":20,"msg":"Plugin loaded: \u001b[35mhexo-renderer-stylus\u001b[39m","time":"2018-04-23T13:30:57.742Z","v":0}
{"name":"hexo","hostname":"BARRYJIANG-MC0","pid":14148,"level":20,"msg":"Plugin loaded: \u001b[35mhexo-server\u001b[39m","time":"2018-04-23T13:30:57.778Z","v":0}
{"name":"hexo","hostname":"BARRYJIANG-MC0","pid":14148,"level":20,"msg":"Script loaded: \u001b[35mthemes/landscape/scripts/fancybox.js\u001b[39m","time":"2018-04-23T13:30:57.781Z","v":0}
{"name":"hexo","hostname":"BARRYJIANG-MC0","pid":14148,"level":30,"msg":"Deploying: \u001b[35mgit\u001b[39m","time":"2018-04-23T13:30:57.782Z","v":0}
{"name":"hexo","hostname":"BARRYJIANG-MC0","pid":14148,"level":30,"msg":"Clearing .deploy folder...","time":"2018-04-23T13:30:57.787Z","v":0}
{"name":"hexo","hostname":"BARRYJIANG-MC0","pid":14148,"level":30,"msg":"Copying files from public folder...","time":"2018-04-23T13:30:57.815Z","v":0}
